[2023-10-25T04:55:47.125+0000] {logging_mixin.py:151} INFO - Changing /opt/***/logs/dag_id=pionada_etl/run_id=manual__2023-10-25T04:55:45.879852+00:00/task_id=fetch_data_from_source_db permission to 509
[2023-10-25T04:55:47.126+0000] {logging_mixin.py:151} INFO - Failed to change /opt/***/logs/dag_id=pionada_etl/run_id=manual__2023-10-25T04:55:45.879852+00:00/task_id=fetch_data_from_source_db permission to 509: [Errno 1] Operation not permitted: '/opt/***/logs/dag_id=pionada_etl/run_id=manual__2023-10-25T04:55:45.879852+00:00/task_id=fetch_data_from_source_db'
[2023-10-25T04:55:47.148+0000] {logging_mixin.py:151} INFO - Changing /opt/***/logs/dag_id=pionada_etl/run_id=manual__2023-10-25T04:55:45.879852+00:00/task_id=fetch_data_from_source_db permission to 509
[2023-10-25T04:55:47.149+0000] {logging_mixin.py:151} INFO - Failed to change /opt/***/logs/dag_id=pionada_etl/run_id=manual__2023-10-25T04:55:45.879852+00:00/task_id=fetch_data_from_source_db permission to 509: [Errno 1] Operation not permitted: '/opt/***/logs/dag_id=pionada_etl/run_id=manual__2023-10-25T04:55:45.879852+00:00/task_id=fetch_data_from_source_db'
[2023-10-25T04:55:47.176+0000] {taskinstance.py:1159} INFO - Dependencies all met for dep_context=non-requeueable deps ti=<TaskInstance: pionada_etl.fetch_data_from_source_db manual__2023-10-25T04:55:45.879852+00:00 [queued]>
[2023-10-25T04:55:47.184+0000] {taskinstance.py:1159} INFO - Dependencies all met for dep_context=requeueable deps ti=<TaskInstance: pionada_etl.fetch_data_from_source_db manual__2023-10-25T04:55:45.879852+00:00 [queued]>
[2023-10-25T04:55:47.185+0000] {taskinstance.py:1361} INFO - Starting attempt 1 of 2
[2023-10-25T04:55:47.196+0000] {taskinstance.py:1382} INFO - Executing <Task(PythonOperator): fetch_data_from_source_db> on 2023-10-25 04:55:45.879852+00:00
[2023-10-25T04:55:47.201+0000] {standard_task_runner.py:57} INFO - Started process 594 to run task
[2023-10-25T04:55:47.204+0000] {standard_task_runner.py:84} INFO - Running: ['***', 'tasks', 'run', 'pionada_etl', 'fetch_data_from_source_db', 'manual__2023-10-25T04:55:45.879852+00:00', '--job-id', '21', '--raw', '--subdir', 'DAGS_FOLDER/pionada_etl.py', '--cfg-path', '/tmp/tmprosuqiuo']
[2023-10-25T04:55:47.207+0000] {standard_task_runner.py:85} INFO - Job 21: Subtask fetch_data_from_source_db
[2023-10-25T04:55:47.247+0000] {logging_mixin.py:151} INFO - Changing /opt/***/logs/dag_id=pionada_etl/run_id=manual__2023-10-25T04:55:45.879852+00:00/task_id=fetch_data_from_source_db permission to 509
[2023-10-25T04:55:47.247+0000] {logging_mixin.py:151} INFO - Failed to change /opt/***/logs/dag_id=pionada_etl/run_id=manual__2023-10-25T04:55:45.879852+00:00/task_id=fetch_data_from_source_db permission to 509: [Errno 1] Operation not permitted: '/opt/***/logs/dag_id=pionada_etl/run_id=manual__2023-10-25T04:55:45.879852+00:00/task_id=fetch_data_from_source_db'
[2023-10-25T04:55:47.250+0000] {task_command.py:416} INFO - Running <TaskInstance: pionada_etl.fetch_data_from_source_db manual__2023-10-25T04:55:45.879852+00:00 [running]> on host d181ed02477e
[2023-10-25T04:55:47.474+0000] {taskinstance.py:1662} INFO - Exporting env vars: AIRFLOW_CTX_DAG_OWNER='***' AIRFLOW_CTX_DAG_ID='pionada_etl' AIRFLOW_CTX_TASK_ID='fetch_data_from_source_db' AIRFLOW_CTX_EXECUTION_DATE='2023-10-25T04:55:45.879852+00:00' AIRFLOW_CTX_TRY_NUMBER='1' AIRFLOW_CTX_DAG_RUN_ID='manual__2023-10-25T04:55:45.879852+00:00'
[2023-10-25T04:55:47.713+0000] {python.py:194} INFO - Done. Returned value was:    coach_id coach_name                 created_at updated_at
0         1        구솔하 2023-06-02 05:01:01.518288       None
1         2        이민영 2023-06-02 05:01:03.261837       None
2         3        이지영 2023-06-02 05:01:05.492638       None
[2023-10-25T04:55:47.794+0000] {taskinstance.py:1400} INFO - Marking task as SUCCESS. dag_id=pionada_etl, task_id=fetch_data_from_source_db, execution_date=20231025T045545, start_date=20231025T045547, end_date=20231025T045547
[2023-10-25T04:55:47.819+0000] {local_task_job_runner.py:228} INFO - Task exited with return code 0
[2023-10-25T04:55:47.840+0000] {taskinstance.py:2778} INFO - 1 downstream tasks scheduled from follow-on schedule check
