[2023-10-25T06:27:48.578+0000] {logging_mixin.py:151} INFO - Changing /opt/***/logs/dag_id=pionada_etl/run_id=manual__2023-10-25T06:22:38.183182+00:00/task_id=fetch_data_from_source_db permission to 509
[2023-10-25T06:27:48.579+0000] {logging_mixin.py:151} INFO - Failed to change /opt/***/logs/dag_id=pionada_etl/run_id=manual__2023-10-25T06:22:38.183182+00:00/task_id=fetch_data_from_source_db permission to 509: [Errno 1] Operation not permitted: '/opt/***/logs/dag_id=pionada_etl/run_id=manual__2023-10-25T06:22:38.183182+00:00/task_id=fetch_data_from_source_db'
[2023-10-25T06:27:48.609+0000] {logging_mixin.py:151} INFO - Changing /opt/***/logs/dag_id=pionada_etl/run_id=manual__2023-10-25T06:22:38.183182+00:00/task_id=fetch_data_from_source_db permission to 509
[2023-10-25T06:27:48.610+0000] {logging_mixin.py:151} INFO - Failed to change /opt/***/logs/dag_id=pionada_etl/run_id=manual__2023-10-25T06:22:38.183182+00:00/task_id=fetch_data_from_source_db permission to 509: [Errno 1] Operation not permitted: '/opt/***/logs/dag_id=pionada_etl/run_id=manual__2023-10-25T06:22:38.183182+00:00/task_id=fetch_data_from_source_db'
[2023-10-25T06:27:48.632+0000] {taskinstance.py:1159} INFO - Dependencies all met for dep_context=non-requeueable deps ti=<TaskInstance: pionada_etl.fetch_data_from_source_db manual__2023-10-25T06:22:38.183182+00:00 [queued]>
[2023-10-25T06:27:48.640+0000] {taskinstance.py:1159} INFO - Dependencies all met for dep_context=requeueable deps ti=<TaskInstance: pionada_etl.fetch_data_from_source_db manual__2023-10-25T06:22:38.183182+00:00 [queued]>
[2023-10-25T06:27:48.640+0000] {taskinstance.py:1361} INFO - Starting attempt 2 of 2
[2023-10-25T06:27:48.652+0000] {taskinstance.py:1382} INFO - Executing <Task(PythonOperator): fetch_data_from_source_db> on 2023-10-25 06:22:38.183182+00:00
[2023-10-25T06:27:48.658+0000] {standard_task_runner.py:57} INFO - Started process 223 to run task
[2023-10-25T06:27:48.660+0000] {standard_task_runner.py:84} INFO - Running: ['***', 'tasks', 'run', 'pionada_etl', 'fetch_data_from_source_db', 'manual__2023-10-25T06:22:38.183182+00:00', '--job-id', '46', '--raw', '--subdir', 'DAGS_FOLDER/pionada_etl.py', '--cfg-path', '/tmp/tmp51vcbub0']
[2023-10-25T06:27:48.663+0000] {standard_task_runner.py:85} INFO - Job 46: Subtask fetch_data_from_source_db
[2023-10-25T06:27:48.700+0000] {logging_mixin.py:151} INFO - Changing /opt/***/logs/dag_id=pionada_etl/run_id=manual__2023-10-25T06:22:38.183182+00:00/task_id=fetch_data_from_source_db permission to 509
[2023-10-25T06:27:48.701+0000] {logging_mixin.py:151} INFO - Failed to change /opt/***/logs/dag_id=pionada_etl/run_id=manual__2023-10-25T06:22:38.183182+00:00/task_id=fetch_data_from_source_db permission to 509: [Errno 1] Operation not permitted: '/opt/***/logs/dag_id=pionada_etl/run_id=manual__2023-10-25T06:22:38.183182+00:00/task_id=fetch_data_from_source_db'
[2023-10-25T06:27:48.703+0000] {task_command.py:416} INFO - Running <TaskInstance: pionada_etl.fetch_data_from_source_db manual__2023-10-25T06:22:38.183182+00:00 [running]> on host 84b7c80bed96
[2023-10-25T06:27:48.901+0000] {taskinstance.py:1662} INFO - Exporting env vars: AIRFLOW_CTX_DAG_OWNER='***' AIRFLOW_CTX_DAG_ID='pionada_etl' AIRFLOW_CTX_TASK_ID='fetch_data_from_source_db' AIRFLOW_CTX_EXECUTION_DATE='2023-10-25T06:22:38.183182+00:00' AIRFLOW_CTX_TRY_NUMBER='2' AIRFLOW_CTX_DAG_RUN_ID='manual__2023-10-25T06:22:38.183182+00:00'
[2023-10-25T06:27:50.034+0000] {python.py:194} INFO - Done. Returned value was:        stt_summary_id  session_id  ...                 created_at updated_at
0               17303           1  ... 2023-07-28 01:28:24.402788       None
1               17304           1  ... 2023-07-28 01:28:24.402788       None
2               17305           1  ... 2023-07-28 01:28:24.402788       None
3               17306           1  ... 2023-07-28 01:28:24.402788       None
4               17307           1  ... 2023-07-28 01:28:24.402788       None
...               ...         ...  ...                        ...        ...
59448           77730        1922  ... 2023-07-28 18:36:50.301541       None
59449           77731        1922  ... 2023-07-28 18:36:50.301541       None
59450           77732        1922  ... 2023-07-28 18:36:50.301541       None
59451           77733        1922  ... 2023-07-28 18:36:50.301541       None
59452           77734        1922  ... 2023-07-28 18:36:50.301541       None

[59453 rows x 6 columns]
[2023-10-25T06:27:50.378+0000] {taskinstance.py:1400} INFO - Marking task as SUCCESS. dag_id=pionada_etl, task_id=fetch_data_from_source_db, execution_date=20231025T062238, start_date=20231025T062748, end_date=20231025T062750
[2023-10-25T06:27:50.401+0000] {local_task_job_runner.py:228} INFO - Task exited with return code 0
[2023-10-25T06:27:50.417+0000] {taskinstance.py:2778} INFO - 1 downstream tasks scheduled from follow-on schedule check
