[2023-10-25T04:58:23.728+0000] {logging_mixin.py:151} INFO - Changing /opt/***/logs/dag_id=pionada_etl/run_id=manual__2023-10-25T04:53:20.228476+00:00/task_id=fetch_data_from_source_db permission to 509
[2023-10-25T04:58:23.729+0000] {logging_mixin.py:151} INFO - Failed to change /opt/***/logs/dag_id=pionada_etl/run_id=manual__2023-10-25T04:53:20.228476+00:00/task_id=fetch_data_from_source_db permission to 509: [Errno 1] Operation not permitted: '/opt/***/logs/dag_id=pionada_etl/run_id=manual__2023-10-25T04:53:20.228476+00:00/task_id=fetch_data_from_source_db'
[2023-10-25T04:58:23.760+0000] {logging_mixin.py:151} INFO - Changing /opt/***/logs/dag_id=pionada_etl/run_id=manual__2023-10-25T04:53:20.228476+00:00/task_id=fetch_data_from_source_db permission to 509
[2023-10-25T04:58:23.761+0000] {logging_mixin.py:151} INFO - Failed to change /opt/***/logs/dag_id=pionada_etl/run_id=manual__2023-10-25T04:53:20.228476+00:00/task_id=fetch_data_from_source_db permission to 509: [Errno 1] Operation not permitted: '/opt/***/logs/dag_id=pionada_etl/run_id=manual__2023-10-25T04:53:20.228476+00:00/task_id=fetch_data_from_source_db'
[2023-10-25T04:58:23.784+0000] {taskinstance.py:1159} INFO - Dependencies all met for dep_context=non-requeueable deps ti=<TaskInstance: pionada_etl.fetch_data_from_source_db manual__2023-10-25T04:53:20.228476+00:00 [queued]>
[2023-10-25T04:58:23.792+0000] {taskinstance.py:1159} INFO - Dependencies all met for dep_context=requeueable deps ti=<TaskInstance: pionada_etl.fetch_data_from_source_db manual__2023-10-25T04:53:20.228476+00:00 [queued]>
[2023-10-25T04:58:23.793+0000] {taskinstance.py:1361} INFO - Starting attempt 2 of 2
[2023-10-25T04:58:23.804+0000] {taskinstance.py:1382} INFO - Executing <Task(PythonOperator): fetch_data_from_source_db> on 2023-10-25 04:53:20.228476+00:00
[2023-10-25T04:58:23.809+0000] {standard_task_runner.py:57} INFO - Started process 647 to run task
[2023-10-25T04:58:23.812+0000] {standard_task_runner.py:84} INFO - Running: ['***', 'tasks', 'run', 'pionada_etl', 'fetch_data_from_source_db', 'manual__2023-10-25T04:53:20.228476+00:00', '--job-id', '23', '--raw', '--subdir', 'DAGS_FOLDER/pionada_etl.py', '--cfg-path', '/tmp/tmphgq3010n']
[2023-10-25T04:58:23.814+0000] {standard_task_runner.py:85} INFO - Job 23: Subtask fetch_data_from_source_db
[2023-10-25T04:58:23.855+0000] {logging_mixin.py:151} INFO - Changing /opt/***/logs/dag_id=pionada_etl/run_id=manual__2023-10-25T04:53:20.228476+00:00/task_id=fetch_data_from_source_db permission to 509
[2023-10-25T04:58:23.856+0000] {logging_mixin.py:151} INFO - Failed to change /opt/***/logs/dag_id=pionada_etl/run_id=manual__2023-10-25T04:53:20.228476+00:00/task_id=fetch_data_from_source_db permission to 509: [Errno 1] Operation not permitted: '/opt/***/logs/dag_id=pionada_etl/run_id=manual__2023-10-25T04:53:20.228476+00:00/task_id=fetch_data_from_source_db'
[2023-10-25T04:58:23.859+0000] {task_command.py:416} INFO - Running <TaskInstance: pionada_etl.fetch_data_from_source_db manual__2023-10-25T04:53:20.228476+00:00 [running]> on host d181ed02477e
[2023-10-25T04:58:24.051+0000] {taskinstance.py:1662} INFO - Exporting env vars: AIRFLOW_CTX_DAG_OWNER='***' AIRFLOW_CTX_DAG_ID='pionada_etl' AIRFLOW_CTX_TASK_ID='fetch_data_from_source_db' AIRFLOW_CTX_EXECUTION_DATE='2023-10-25T04:53:20.228476+00:00' AIRFLOW_CTX_TRY_NUMBER='2' AIRFLOW_CTX_DAG_RUN_ID='manual__2023-10-25T04:53:20.228476+00:00'
[2023-10-25T04:58:24.296+0000] {python.py:194} INFO - Done. Returned value was:    coach_id coach_name                 created_at updated_at
0         1        구솔하 2023-06-02 05:01:01.518288       None
1         2        이민영 2023-06-02 05:01:03.261837       None
2         3        이지영 2023-06-02 05:01:05.492638       None
[2023-10-25T04:58:24.334+0000] {taskinstance.py:1400} INFO - Marking task as SUCCESS. dag_id=pionada_etl, task_id=fetch_data_from_source_db, execution_date=20231025T045320, start_date=20231025T045823, end_date=20231025T045824
[2023-10-25T04:58:24.387+0000] {local_task_job_runner.py:228} INFO - Task exited with return code 0
[2023-10-25T04:58:24.405+0000] {taskinstance.py:2778} INFO - 1 downstream tasks scheduled from follow-on schedule check
