[2023-10-25T04:54:24.459+0000] {logging_mixin.py:151} INFO - Changing /opt/***/logs/dag_id=pionada_etl/run_id=manual__2023-10-25T04:54:23.167679+00:00/task_id=fetch_data_from_source_db permission to 509
[2023-10-25T04:54:24.460+0000] {logging_mixin.py:151} INFO - Failed to change /opt/***/logs/dag_id=pionada_etl/run_id=manual__2023-10-25T04:54:23.167679+00:00/task_id=fetch_data_from_source_db permission to 509: [Errno 1] Operation not permitted: '/opt/***/logs/dag_id=pionada_etl/run_id=manual__2023-10-25T04:54:23.167679+00:00/task_id=fetch_data_from_source_db'
[2023-10-25T04:54:24.481+0000] {logging_mixin.py:151} INFO - Changing /opt/***/logs/dag_id=pionada_etl/run_id=manual__2023-10-25T04:54:23.167679+00:00/task_id=fetch_data_from_source_db permission to 509
[2023-10-25T04:54:24.483+0000] {logging_mixin.py:151} INFO - Failed to change /opt/***/logs/dag_id=pionada_etl/run_id=manual__2023-10-25T04:54:23.167679+00:00/task_id=fetch_data_from_source_db permission to 509: [Errno 1] Operation not permitted: '/opt/***/logs/dag_id=pionada_etl/run_id=manual__2023-10-25T04:54:23.167679+00:00/task_id=fetch_data_from_source_db'
[2023-10-25T04:54:24.507+0000] {taskinstance.py:1159} INFO - Dependencies all met for dep_context=non-requeueable deps ti=<TaskInstance: pionada_etl.fetch_data_from_source_db manual__2023-10-25T04:54:23.167679+00:00 [queued]>
[2023-10-25T04:54:24.514+0000] {taskinstance.py:1159} INFO - Dependencies all met for dep_context=requeueable deps ti=<TaskInstance: pionada_etl.fetch_data_from_source_db manual__2023-10-25T04:54:23.167679+00:00 [queued]>
[2023-10-25T04:54:24.516+0000] {taskinstance.py:1361} INFO - Starting attempt 1 of 2
[2023-10-25T04:54:24.529+0000] {taskinstance.py:1382} INFO - Executing <Task(PythonOperator): fetch_data_from_source_db> on 2023-10-25 04:54:23.167679+00:00
[2023-10-25T04:54:24.535+0000] {standard_task_runner.py:57} INFO - Started process 544 to run task
[2023-10-25T04:54:24.538+0000] {standard_task_runner.py:84} INFO - Running: ['***', 'tasks', 'run', 'pionada_etl', 'fetch_data_from_source_db', 'manual__2023-10-25T04:54:23.167679+00:00', '--job-id', '17', '--raw', '--subdir', 'DAGS_FOLDER/pionada_etl.py', '--cfg-path', '/tmp/tmp1cadi4ir']
[2023-10-25T04:54:24.540+0000] {standard_task_runner.py:85} INFO - Job 17: Subtask fetch_data_from_source_db
[2023-10-25T04:54:24.582+0000] {logging_mixin.py:151} INFO - Changing /opt/***/logs/dag_id=pionada_etl/run_id=manual__2023-10-25T04:54:23.167679+00:00/task_id=fetch_data_from_source_db permission to 509
[2023-10-25T04:54:24.584+0000] {logging_mixin.py:151} INFO - Failed to change /opt/***/logs/dag_id=pionada_etl/run_id=manual__2023-10-25T04:54:23.167679+00:00/task_id=fetch_data_from_source_db permission to 509: [Errno 1] Operation not permitted: '/opt/***/logs/dag_id=pionada_etl/run_id=manual__2023-10-25T04:54:23.167679+00:00/task_id=fetch_data_from_source_db'
[2023-10-25T04:54:24.587+0000] {task_command.py:416} INFO - Running <TaskInstance: pionada_etl.fetch_data_from_source_db manual__2023-10-25T04:54:23.167679+00:00 [running]> on host d181ed02477e
[2023-10-25T04:54:24.810+0000] {taskinstance.py:1662} INFO - Exporting env vars: AIRFLOW_CTX_DAG_OWNER='***' AIRFLOW_CTX_DAG_ID='pionada_etl' AIRFLOW_CTX_TASK_ID='fetch_data_from_source_db' AIRFLOW_CTX_EXECUTION_DATE='2023-10-25T04:54:23.167679+00:00' AIRFLOW_CTX_TRY_NUMBER='1' AIRFLOW_CTX_DAG_RUN_ID='manual__2023-10-25T04:54:23.167679+00:00'
[2023-10-25T04:54:25.099+0000] {python.py:194} INFO - Done. Returned value was:    coach_id coach_name                 created_at updated_at
0         1        구솔하 2023-06-02 05:01:01.518288       None
1         2        이민영 2023-06-02 05:01:03.261837       None
2         3        이지영 2023-06-02 05:01:05.492638       None
[2023-10-25T04:54:25.236+0000] {taskinstance.py:1400} INFO - Marking task as SUCCESS. dag_id=pionada_etl, task_id=fetch_data_from_source_db, execution_date=20231025T045423, start_date=20231025T045424, end_date=20231025T045425
[2023-10-25T04:54:25.273+0000] {local_task_job_runner.py:228} INFO - Task exited with return code 0
[2023-10-25T04:54:25.292+0000] {taskinstance.py:2778} INFO - 1 downstream tasks scheduled from follow-on schedule check
